This file contains any messages produced by compilers while
running configure, to aid debugging if configure makes a mistake.

It was created by termux-miner configure 3.0.5, which was
generated by GNU Autoconf 2.71.  Invocation command line was

  $ ./configure --with-crypto --with-curl --disable-assembly CC=gcc CXX=g++ 'CFLAGS=-Ofast -fuse-linker-plugin -ftree-loop-if-convert-stores -march=native' LDFLAGS=-march=native

## --------- ##
## Platform. ##
## --------- ##

hostname = localhost
uname -m = aarch64
uname -r = 4.14.186-g1d2564ba3eeb-dirty
uname -s = Linux
uname -v = #1 SMP PREEMPT Tue Jan 10 19:03:46 CST 2023

/usr/bin/uname -p = aarch64
/bin/uname -X     = unknown

/bin/arch              = aarch64
/usr/bin/arch -k       = unknown
/usr/convex/getsysinfo = unknown
/usr/bin/hostinfo      = unknown
/bin/machine           = unknown
/usr/bin/oslevel       = unknown
/bin/universe          = unknown

PATH: /usr/local/sbin/
PATH: /usr/local/bin/
PATH: /usr/sbin/
PATH: /usr/bin/
PATH: /sbin/
PATH: /bin/
PATH: /usr/games/
PATH: /usr/local/games/
PATH: /snap/bin/


## ----------- ##
## Core tests. ##
## ----------- ##

configure:2811: looking for aux files: compile missing install-sh config.guess config.sub
configure:2824:  trying ./
configure:2853:   ./compile found
configure:2853:   ./missing found
configure:2835:   ./install-sh found
configure:2853:   ./config.guess found
configure:2853:   ./config.sub found
configure:2973: checking build system type
configure:2988: result: aarch64-unknown-linux-gnu
configure:3008: checking host system type
configure:3022: result: aarch64-unknown-linux-gnu
configure:3042: checking target system type
configure:3056: result: aarch64-unknown-linux-gnu
configure:3105: checking for a BSD-compatible install
configure:3178: result: /usr/bin/install -c
configure:3189: checking whether build environment is sane
configure:3244: result: yes
configure:3403: checking for a race-free mkdir -p
configure:3447: result: /usr/bin/mkdir -p
configure:3454: checking for gawk
configure:3489: result: no
configure:3454: checking for mawk
configure:3475: found /usr/bin/mawk
configure:3486: result: mawk
configure:3497: checking whether make sets $(MAKE)
configure:3520: result: yes
configure:3550: checking whether make supports nested variables
configure:3568: result: yes
configure:3706: checking whether to enable maintainer-specific portions of Makefiles
configure:3716: result: no
configure:3743: checking whether make supports the include directive
configure:3758: make -f confmf.GNU && cat confinc.out
this is the am__doit target
configure:3761: $? = 0
configure:3780: result: yes (GNU style)
configure:3856: checking for gcc
configure:3888: result: gcc
configure:4241: checking for C compiler version
configure:4250: gcc --version >&5
gcc (Ubuntu 11.4.0-1ubuntu1~22.04) 11.4.0
Copyright (C) 2021 Free Software Foundation, Inc.
This is free software; see the source for copying conditions.  There is NO
warranty; not even for MERCHANTABILITY or FITNESS FOR A PARTICULAR PURPOSE.

configure:4261: $? = 0
configure:4250: gcc -v >&5
Using built-in specs.
COLLECT_GCC=gcc
COLLECT_LTO_WRAPPER=/usr/lib/gcc/aarch64-linux-gnu/11/lto-wrapper
Target: aarch64-linux-gnu
Configured with: ../src/configure -v --with-pkgversion='Ubuntu 11.4.0-1ubuntu1~22.04' --with-bugurl=file:///usr/share/doc/gcc-11/README.Bugs --enable-languages=c,ada,c++,go,d,fortran,objc,obj-c++,m2 --prefix=/usr --with-gcc-major-version-only --program-suffix=-11 --program-prefix=aarch64-linux-gnu- --enable-shared --enable-linker-build-id --libexecdir=/usr/lib --without-included-gettext --enable-threads=posix --libdir=/usr/lib --enable-nls --enable-bootstrap --enable-clocale=gnu --enable-libstdcxx-debug --enable-libstdcxx-time=yes --with-default-libstdcxx-abi=new --enable-gnu-unique-object --disable-libquadmath --disable-libquadmath-support --enable-plugin --enable-default-pie --with-system-zlib --enable-libphobos-checking=release --with-target-system-zlib=auto --enable-objc-gc=auto --enable-multiarch --enable-fix-cortex-a53-843419 --disable-werror --enable-checking=release --build=aarch64-linux-gnu --host=aarch64-linux-gnu --target=aarch64-linux-gnu --with-build-config=bootstrap-lto-lean --enable-link-serialization=2
Thread model: posix
Supported LTO compression algorithms: zlib zstd
gcc version 11.4.0 (Ubuntu 11.4.0-1ubuntu1~22.04) 
configure:4261: $? = 0
configure:4250: gcc -V >&5
gcc: error: unrecognized command-line option '-V'
gcc: fatal error: no input files
compilation terminated.
configure:4261: $? = 1
configure:4250: gcc -qversion >&5
gcc: error: unrecognized command-line option '-qversion'; did you mean '--version'?
gcc: fatal error: no input files
compilation terminated.
configure:4261: $? = 1
configure:4250: gcc -version >&5
gcc: error: unrecognized command-line option '-version'
gcc: fatal error: no input files
compilation terminated.
configure:4261: $? = 1
configure:4281: checking whether the C compiler works
configure:4303: gcc -Ofast -fuse-linker-plugin -ftree-loop-if-convert-stores -march=native  -march=native conftest.c  >&5
configure:4307: $? = 0
configure:4357: result: yes
configure:4360: checking for C compiler default output file name
configure:4362: result: a.out
configure:4368: checking for suffix of executables
configure:4375: gcc -o conftest -Ofast -fuse-linker-plugin -ftree-loop-if-convert-stores -march=native  -march=native conftest.c  >&5
configure:4379: $? = 0
configure:4402: result: 
configure:4424: checking whether we are cross compiling
configure:4432: gcc -o conftest -Ofast -fuse-linker-plugin -ftree-loop-if-convert-stores -march=native  -march=native conftest.c  >&5
configure:4436: $? = 0
configure:4443: ./conftest
configure:4447: $? = 0
configure:4462: result: no
configure:4467: checking for suffix of object files
configure:4490: gcc -c -Ofast -fuse-linker-plugin -ftree-loop-if-convert-stores -march=native  conftest.c >&5
configure:4494: $? = 0
configure:4516: result: o
configure:4520: checking whether the compiler supports GNU C
configure:4540: gcc -c -Ofast -fuse-linker-plugin -ftree-loop-if-convert-stores -march=native  conftest.c >&5
configure:4540: $? = 0
configure:4550: result: yes
configure:4561: checking whether gcc accepts -g
configure:4582: gcc -c -g  conftest.c >&5
configure:4582: $? = 0
configure:4626: result: yes
configure:4646: checking for gcc option to enable C11 features
configure:4661: gcc  -c -Ofast -fuse-linker-plugin -ftree-loop-if-convert-stores -march=native  conftest.c >&5
configure:4661: $? = 0
configure:4679: result: none needed
configure:4795: checking whether gcc understands -c and -o together
configure:4818: gcc -c conftest.c -o conftest2.o
configure:4821: $? = 0
configure:4818: gcc -c conftest.c -o conftest2.o
configure:4821: $? = 0
configure:4833: result: yes
configure:4852: checking dependency style of gcc
configure:4964: result: gcc3
configure:4986: checking how to run the C preprocessor
configure:5012: gcc -E  conftest.c
configure:5012: $? = 0
configure:5027: gcc -E  conftest.c
conftest.c:11:10: fatal error: ac_nonexistent.h: No such file or directory
   11 | #include <ac_nonexistent.h>
      |          ^~~~~~~~~~~~~~~~~~
compilation terminated.
configure:5027: $? = 1
configure: failed program was:
| /* confdefs.h */
| #define PACKAGE_NAME "termux-miner"
| #define PACKAGE_TARNAME "termux-miner"
| #define PACKAGE_VERSION "3.0.5"
| #define PACKAGE_STRING "termux-miner 3.0.5"
| #define PACKAGE_BUGREPORT ""
| #define PACKAGE_URL ""
| #define PACKAGE "termux-miner"
| #define VERSION "3.0.5"
| /* end confdefs.h.  */
| #include <ac_nonexistent.h>
configure:5054: result: gcc -E
configure:5068: gcc -E  conftest.c
configure:5068: $? = 0
configure:5083: gcc -E  conftest.c
conftest.c:11:10: fatal error: ac_nonexistent.h: No such file or directory
   11 | #include <ac_nonexistent.h>
      |          ^~~~~~~~~~~~~~~~~~
compilation terminated.
configure:5083: $? = 1
configure: failed program was:
| /* confdefs.h */
| #define PACKAGE_NAME "termux-miner"
| #define PACKAGE_TARNAME "termux-miner"
| #define PACKAGE_VERSION "3.0.5"
| #define PACKAGE_STRING "termux-miner 3.0.5"
| #define PACKAGE_BUGREPORT ""
| #define PACKAGE_URL ""
| #define PACKAGE "termux-miner"
| #define VERSION "3.0.5"
| /* end confdefs.h.  */
| #include <ac_nonexistent.h>
configure:5114: checking for grep that handles long lines and -e
configure:5178: result: /usr/bin/grep
configure:5183: checking for egrep
configure:5251: result: /usr/bin/grep -E
configure:5257: checking whether gcc needs -traditional
configure:5294: result: no
configure:5311: checking dependency style of gcc
configure:5421: result: gcc3
configure:5484: checking for ranlib
configure:5505: found /usr/bin/ranlib
configure:5516: result: ranlib
configure:5666: checking for C++ compiler version
configure:5675: g++ --version >&5
g++ (Ubuntu 11.4.0-1ubuntu1~22.04) 11.4.0
Copyright (C) 2021 Free Software Foundation, Inc.
This is free software; see the source for copying conditions.  There is NO
warranty; not even for MERCHANTABILITY or FITNESS FOR A PARTICULAR PURPOSE.

configure:5686: $? = 0
configure:5675: g++ -v >&5
Using built-in specs.
COLLECT_GCC=g++
COLLECT_LTO_WRAPPER=/usr/lib/gcc/aarch64-linux-gnu/11/lto-wrapper
Target: aarch64-linux-gnu
Configured with: ../src/configure -v --with-pkgversion='Ubuntu 11.4.0-1ubuntu1~22.04' --with-bugurl=file:///usr/share/doc/gcc-11/README.Bugs --enable-languages=c,ada,c++,go,d,fortran,objc,obj-c++,m2 --prefix=/usr --with-gcc-major-version-only --program-suffix=-11 --program-prefix=aarch64-linux-gnu- --enable-shared --enable-linker-build-id --libexecdir=/usr/lib --without-included-gettext --enable-threads=posix --libdir=/usr/lib --enable-nls --enable-bootstrap --enable-clocale=gnu --enable-libstdcxx-debug --enable-libstdcxx-time=yes --with-default-libstdcxx-abi=new --enable-gnu-unique-object --disable-libquadmath --disable-libquadmath-support --enable-plugin --enable-default-pie --with-system-zlib --enable-libphobos-checking=release --with-target-system-zlib=auto --enable-objc-gc=auto --enable-multiarch --enable-fix-cortex-a53-843419 --disable-werror --enable-checking=release --build=aarch64-linux-gnu --host=aarch64-linux-gnu --target=aarch64-linux-gnu --with-build-config=bootstrap-lto-lean --enable-link-serialization=2
Thread model: posix
Supported LTO compression algorithms: zlib zstd
gcc version 11.4.0 (Ubuntu 11.4.0-1ubuntu1~22.04) 
configure:5686: $? = 0
configure:5675: g++ -V >&5
g++: error: unrecognized command-line option '-V'
g++: fatal error: no input files
compilation terminated.
configure:5686: $? = 1
configure:5675: g++ -qversion >&5
g++: error: unrecognized command-line option '-qversion'; did you mean '--version'?
g++: fatal error: no input files
compilation terminated.
configure:5686: $? = 1
configure:5690: checking whether the compiler supports GNU C++
configure:5710: g++ -c   conftest.cpp >&5
configure:5710: $? = 0
configure:5720: result: yes
configure:5731: checking whether g++ accepts -g
configure:5752: g++ -c -g  conftest.cpp >&5
configure:5752: $? = 0
configure:5796: result: yes
configure:5816: checking for g++ option to enable C++11 features
configure:5831: g++  -c -g -O2  conftest.cpp >&5
conftest.cpp: In function 'int main(int, char**)':
conftest.cpp:177:25: warning: empty parentheses were disambiguated as a function declaration [-Wvexing-parse]
  177 |   cxx11test::delegate d2();
      |                         ^~
conftest.cpp:177:25: note: remove parentheses to default-initialize a variable
  177 |   cxx11test::delegate d2();
      |                         ^~
      |                         --
conftest.cpp:177:25: note: or replace parentheses with braces to value-initialize a variable
configure:5831: $? = 0
configure:5849: result: none needed
configure:5915: checking dependency style of g++
configure:6027: result: gcc3
configure:6047: checking for stdio.h
configure:6047: gcc -c -Ofast -fuse-linker-plugin -ftree-loop-if-convert-stores -march=native  conftest.c >&5
configure:6047: $? = 0
configure:6047: result: yes
configure:6047: checking for stdlib.h
configure:6047: gcc -c -Ofast -fuse-linker-plugin -ftree-loop-if-convert-stores -march=native  conftest.c >&5
configure:6047: $? = 0
configure:6047: result: yes
configure:6047: checking for string.h
configure:6047: gcc -c -Ofast -fuse-linker-plugin -ftree-loop-if-convert-stores -march=native  conftest.c >&5
configure:6047: $? = 0
configure:6047: result: yes
configure:6047: checking for inttypes.h
configure:6047: gcc -c -Ofast -fuse-linker-plugin -ftree-loop-if-convert-stores -march=native  conftest.c >&5
configure:6047: $? = 0
configure:6047: result: yes
configure:6047: checking for stdint.h
configure:6047: gcc -c -Ofast -fuse-linker-plugin -ftree-loop-if-convert-stores -march=native  conftest.c >&5
configure:6047: $? = 0
configure:6047: result: yes
configure:6047: checking for strings.h
configure:6047: gcc -c -Ofast -fuse-linker-plugin -ftree-loop-if-convert-stores -march=native  conftest.c >&5
configure:6047: $? = 0
configure:6047: result: yes
configure:6047: checking for sys/stat.h
configure:6047: gcc -c -Ofast -fuse-linker-plugin -ftree-loop-if-convert-stores -march=native  conftest.c >&5
configure:6047: $? = 0
configure:6047: result: yes
configure:6047: checking for sys/types.h
configure:6047: gcc -c -Ofast -fuse-linker-plugin -ftree-loop-if-convert-stores -march=native  conftest.c >&5
configure:6047: $? = 0
configure:6047: result: yes
configure:6047: checking for unistd.h
configure:6047: gcc -c -Ofast -fuse-linker-plugin -ftree-loop-if-convert-stores -march=native  conftest.c >&5
configure:6047: $? = 0
configure:6047: result: yes
configure:6075: checking for egrep
configure:6143: result: /usr/bin/grep -E
configure:6149: checking for sys/endian.h
configure:6149: gcc -c -Ofast -fuse-linker-plugin -ftree-loop-if-convert-stores -march=native  conftest.c >&5
conftest.c:49:10: fatal error: sys/endian.h: No such file or directory
   49 | #include <sys/endian.h>
      |          ^~~~~~~~~~~~~~
compilation terminated.
configure:6149: $? = 1
configure: failed program was:
| /* confdefs.h */
| #define PACKAGE_NAME "termux-miner"
| #define PACKAGE_TARNAME "termux-miner"
| #define PACKAGE_VERSION "3.0.5"
| #define PACKAGE_STRING "termux-miner 3.0.5"
| #define PACKAGE_BUGREPORT ""
| #define PACKAGE_URL ""
| #define PACKAGE "termux-miner"
| #define VERSION "3.0.5"
| #define HAVE_STDIO_H 1
| #define HAVE_STDLIB_H 1
| #define HAVE_STRING_H 1
| #define HAVE_INTTYPES_H 1
| #define HAVE_STDINT_H 1
| #define HAVE_STRINGS_H 1
| #define HAVE_SYS_STAT_H 1
| #define HAVE_SYS_TYPES_H 1
| #define HAVE_UNISTD_H 1
| #define STDC_HEADERS 1
| /* end confdefs.h.  */
| #include <stddef.h>
| #ifdef HAVE_STDIO_H
| # include <stdio.h>
| #endif
| #ifdef HAVE_STDLIB_H
| # include <stdlib.h>
| #endif
| #ifdef HAVE_STRING_H
| # include <string.h>
| #endif
| #ifdef HAVE_INTTYPES_H
| # include <inttypes.h>
| #endif
| #ifdef HAVE_STDINT_H
| # include <stdint.h>
| #endif
| #ifdef HAVE_STRINGS_H
| # include <strings.h>
| #endif
| #ifdef HAVE_SYS_TYPES_H
| # include <sys/types.h>
| #endif
| #ifdef HAVE_SYS_STAT_H
| # include <sys/stat.h>
| #endif
| #ifdef HAVE_UNISTD_H
| # include <unistd.h>
| #endif
| #include <sys/endian.h>
configure:6149: result: no
configure:6155: checking for sys/param.h
configure:6155: gcc -c -Ofast -fuse-linker-plugin -ftree-loop-if-convert-stores -march=native  conftest.c >&5
configure:6155: $? = 0
configure:6155: result: yes
configure:6161: checking for syslog.h
configure:6161: gcc -c -Ofast -fuse-linker-plugin -ftree-loop-if-convert-stores -march=native  conftest.c >&5
configure:6161: $? = 0
configure:6161: result: yes
configure:6170: checking for sys/sysctl.h
configure:6170: gcc -c -Ofast -fuse-linker-plugin -ftree-loop-if-convert-stores -march=native  conftest.c >&5
conftest.c:29:10: fatal error: sys/sysctl.h: No such file or directory
   29 | #include <sys/sysctl.h>
      |          ^~~~~~~~~~~~~~
compilation terminated.
configure:6170: $? = 1
configure: failed program was:
| /* confdefs.h */
| #define PACKAGE_NAME "termux-miner"
| #define PACKAGE_TARNAME "termux-miner"
| #define PACKAGE_VERSION "3.0.5"
| #define PACKAGE_STRING "termux-miner 3.0.5"
| #define PACKAGE_BUGREPORT ""
| #define PACKAGE_URL ""
| #define PACKAGE "termux-miner"
| #define VERSION "3.0.5"
| #define HAVE_STDIO_H 1
| #define HAVE_STDLIB_H 1
| #define HAVE_STRING_H 1
| #define HAVE_INTTYPES_H 1
| #define HAVE_STDINT_H 1
| #define HAVE_STRINGS_H 1
| #define HAVE_SYS_STAT_H 1
| #define HAVE_SYS_TYPES_H 1
| #define HAVE_UNISTD_H 1
| #define STDC_HEADERS 1
| #define HAVE_SYS_PARAM_H 1
| #define HAVE_SYSLOG_H 1
| /* end confdefs.h.  */
| #include <sys/types.h>
| #ifdef HAVE_SYS_PARAM_H
| #include <sys/param.h>
| #endif
| 
| 
| #include <sys/sysctl.h>
configure:6170: result: no
configure:6183: checking for gcc options needed to detect all undeclared functions
configure:6205: gcc -c -Ofast -fuse-linker-plugin -ftree-loop-if-convert-stores -march=native   conftest.c >&5
conftest.c: In function 'main':
conftest.c:27:8: error: 'strchr' undeclared (first use in this function)
   27 | (void) strchr;
      |        ^~~~~~
conftest.c:1:1: note: 'strchr' is defined in header '<string.h>'; did you forget to '#include <string.h>'?
    1 | /* confdefs.h */
conftest.c:27:8: note: each undeclared identifier is reported only once for each function it appears in
   27 | (void) strchr;
      |        ^~~~~~
configure:6205: $? = 1
configure: failed program was:
| /* confdefs.h */
| #define PACKAGE_NAME "termux-miner"
| #define PACKAGE_TARNAME "termux-miner"
| #define PACKAGE_VERSION "3.0.5"
| #define PACKAGE_STRING "termux-miner 3.0.5"
| #define PACKAGE_BUGREPORT ""
| #define PACKAGE_URL ""
| #define PACKAGE "termux-miner"
| #define VERSION "3.0.5"
| #define HAVE_STDIO_H 1
| #define HAVE_STDLIB_H 1
| #define HAVE_STRING_H 1
| #define HAVE_INTTYPES_H 1
| #define HAVE_STDINT_H 1
| #define HAVE_STRINGS_H 1
| #define HAVE_SYS_STAT_H 1
| #define HAVE_SYS_TYPES_H 1
| #define HAVE_UNISTD_H 1
| #define STDC_HEADERS 1
| #define HAVE_SYS_PARAM_H 1
| #define HAVE_SYSLOG_H 1
| /* end confdefs.h.  */
| 
| int
| main (void)
| {
| (void) strchr;
|   ;
|   return 0;
| }
configure:6232: gcc -c -Ofast -fuse-linker-plugin -ftree-loop-if-convert-stores -march=native   conftest.c >&5
configure:6232: $? = 0
configure:6249: result: none needed
configure:6263: checking whether be32dec is declared
configure:6263: gcc -c -Ofast -fuse-linker-plugin -ftree-loop-if-convert-stores -march=native   conftest.c >&5
conftest.c: In function 'main':
conftest.c:63:10: error: 'be32dec' undeclared (first use in this function)
   63 |   (void) be32dec;
      |          ^~~~~~~
conftest.c:63:10: note: each undeclared identifier is reported only once for each function it appears in
configure:6263: $? = 1
configure: failed program was:
| /* confdefs.h */
| #define PACKAGE_NAME "termux-miner"
| #define PACKAGE_TARNAME "termux-miner"
| #define PACKAGE_VERSION "3.0.5"
| #define PACKAGE_STRING "termux-miner 3.0.5"
| #define PACKAGE_BUGREPORT ""
| #define PACKAGE_URL ""
| #define PACKAGE "termux-miner"
| #define VERSION "3.0.5"
| #define HAVE_STDIO_H 1
| #define HAVE_STDLIB_H 1
| #define HAVE_STRING_H 1
| #define HAVE_INTTYPES_H 1
| #define HAVE_STDINT_H 1
| #define HAVE_STRINGS_H 1
| #define HAVE_SYS_STAT_H 1
| #define HAVE_SYS_TYPES_H 1
| #define HAVE_UNISTD_H 1
| #define STDC_HEADERS 1
| #define HAVE_SYS_PARAM_H 1
| #define HAVE_SYSLOG_H 1
| /* end confdefs.h.  */
| #include <stddef.h>
| #ifdef HAVE_STDIO_H
| # include <stdio.h>
| #endif
| #ifdef HAVE_STDLIB_H
| # include <stdlib.h>
| #endif
| #ifdef HAVE_STRING_H
| # include <string.h>
| #endif
| #ifdef HAVE_INTTYPES_H
| # include <inttypes.h>
| #endif
| #ifdef HAVE_STDINT_H
| # include <stdint.h>
| #endif
| #ifdef HAVE_STRINGS_H
| # include <strings.h>
| #endif
| #ifdef HAVE_SYS_TYPES_H
| # include <sys/types.h>
| #endif
| #ifdef HAVE_SYS_STAT_H
| # include <sys/stat.h>
| #endif
| #ifdef HAVE_UNISTD_H
| # include <unistd.h>
| #endif
| #ifdef HAVE_SYS_ENDIAN_H
| #include <sys/endian.h>
| #endif
| 
| 
| int
| main (void)
| {
| #ifndef be32dec
| #ifdef __cplusplus
|   (void) be32dec;
| #else
|   (void) be32dec;
| #endif
| #endif
| 
|   ;
|   return 0;
| }
configure:6263: result: no
configure:6276: checking whether le32dec is declared
configure:6276: gcc -c -Ofast -fuse-linker-plugin -ftree-loop-if-convert-stores -march=native   conftest.c >&5
conftest.c: In function 'main':
conftest.c:64:10: error: 'le32dec' undeclared (first use in this function)
   64 |   (void) le32dec;
      |          ^~~~~~~
conftest.c:64:10: note: each undeclared identifier is reported only once for each function it appears in
configure:6276: $? = 1
configure: failed program was:
| /* confdefs.h */
| #define PACKAGE_NAME "termux-miner"
| #define PACKAGE_TARNAME "termux-miner"
| #define PACKAGE_VERSION "3.0.5"
| #define PACKAGE_STRING "termux-miner 3.0.5"
| #define PACKAGE_BUGREPORT ""
| #define PACKAGE_URL ""
| #define PACKAGE "termux-miner"
| #define VERSION "3.0.5"
| #define HAVE_STDIO_H 1
| #define HAVE_STDLIB_H 1
| #define HAVE_STRING_H 1
| #define HAVE_INTTYPES_H 1
| #define HAVE_STDINT_H 1
| #define HAVE_STRINGS_H 1
| #define HAVE_SYS_STAT_H 1
| #define HAVE_SYS_TYPES_H 1
| #define HAVE_UNISTD_H 1
| #define STDC_HEADERS 1
| #define HAVE_SYS_PARAM_H 1
| #define HAVE_SYSLOG_H 1
| #define HAVE_DECL_BE32DEC 0
| /* end confdefs.h.  */
| #include <stddef.h>
| #ifdef HAVE_STDIO_H
| # include <stdio.h>
| #endif
| #ifdef HAVE_STDLIB_H
| # include <stdlib.h>
| #endif
| #ifdef HAVE_STRING_H
| # include <string.h>
| #endif
| #ifdef HAVE_INTTYPES_H
| # include <inttypes.h>
| #endif
| #ifdef HAVE_STDINT_H
| # include <stdint.h>
| #endif
| #ifdef HAVE_STRINGS_H
| # include <strings.h>
| #endif
| #ifdef HAVE_SYS_TYPES_H
| # include <sys/types.h>
| #endif
| #ifdef HAVE_SYS_STAT_H
| # include <sys/stat.h>
| #endif
| #ifdef HAVE_UNISTD_H
| # include <unistd.h>
| #endif
| #ifdef HAVE_SYS_ENDIAN_H
| #include <sys/endian.h>
| #endif
| 
| 
| int
| main (void)
| {
| #ifndef le32dec
| #ifdef __cplusplus
|   (void) le32dec;
| #else
|   (void) le32dec;
| #endif
| #endif
| 
|   ;
|   return 0;
| }
configure:6276: result: no
configure:6289: checking whether be32enc is declared
configure:6289: gcc -c -Ofast -fuse-linker-plugin -ftree-loop-if-convert-stores -march=native   conftest.c >&5
conftest.c: In function 'main':
conftest.c:65:10: error: 'be32enc' undeclared (first use in this function)
   65 |   (void) be32enc;
      |          ^~~~~~~
conftest.c:65:10: note: each undeclared identifier is reported only once for each function it appears in
configure:6289: $? = 1
configure: failed program was:
| /* confdefs.h */
| #define PACKAGE_NAME "termux-miner"
| #define PACKAGE_TARNAME "termux-miner"
| #define PACKAGE_VERSION "3.0.5"
| #define PACKAGE_STRING "termux-miner 3.0.5"
| #define PACKAGE_BUGREPORT ""
| #define PACKAGE_URL ""
| #define PACKAGE "termux-miner"
| #define VERSION "3.0.5"
| #define HAVE_STDIO_H 1
| #define HAVE_STDLIB_H 1
| #define HAVE_STRING_H 1
| #define HAVE_INTTYPES_H 1
| #define HAVE_STDINT_H 1
| #define HAVE_STRINGS_H 1
| #define HAVE_SYS_STAT_H 1
| #define HAVE_SYS_TYPES_H 1
| #define HAVE_UNISTD_H 1
| #define STDC_HEADERS 1
| #define HAVE_SYS_PARAM_H 1
| #define HAVE_SYSLOG_H 1
| #define HAVE_DECL_BE32DEC 0
| #define HAVE_DECL_LE32DEC 0
| /* end confdefs.h.  */
| #include <stddef.h>
| #ifdef HAVE_STDIO_H
| # include <stdio.h>
| #endif
| #ifdef HAVE_STDLIB_H
| # include <stdlib.h>
| #endif
| #ifdef HAVE_STRING_H
| # include <string.h>
| #endif
| #ifdef HAVE_INTTYPES_H
| # include <inttypes.h>
| #endif
| #ifdef HAVE_STDINT_H
| # include <stdint.h>
| #endif
| #ifdef HAVE_STRINGS_H
| # include <strings.h>
| #endif
| #ifdef HAVE_SYS_TYPES_H
| # include <sys/types.h>
| #endif
| #ifdef HAVE_SYS_STAT_H
| # include <sys/stat.h>
| #endif
| #ifdef HAVE_UNISTD_H
| # include <unistd.h>
| #endif
| #ifdef HAVE_SYS_ENDIAN_H
| #include <sys/endian.h>
| #endif
| 
| 
| int
| main (void)
| {
| #ifndef be32enc
| #ifdef __cplusplus
|   (void) be32enc;
| #else
|   (void) be32enc;
| #endif
| #endif
| 
|   ;
|   return 0;
| }
configure:6289: result: no
configure:6302: checking whether le32enc is declared
configure:6302: gcc -c -Ofast -fuse-linker-plugin -ftree-loop-if-convert-stores -march=native   conftest.c >&5
conftest.c: In function 'main':
conftest.c:66:10: error: 'le32enc' undeclared (first use in this function)
   66 |   (void) le32enc;
      |          ^~~~~~~
conftest.c:66:10: note: each undeclared identifier is reported only once for each function it appears in
configure:6302: $? = 1
configure: failed program was:
| /* confdefs.h */
| #define PACKAGE_NAME "termux-miner"
| #define PACKAGE_TARNAME "termux-miner"
| #define PACKAGE_VERSION "3.0.5"
| #define PACKAGE_STRING "termux-miner 3.0.5"
| #define PACKAGE_BUGREPORT ""
| #define PACKAGE_URL ""
| #define PACKAGE "termux-miner"
| #define VERSION "3.0.5"
| #define HAVE_STDIO_H 1
| #define HAVE_STDLIB_H 1
| #define HAVE_STRING_H 1
| #define HAVE_INTTYPES_H 1
| #define HAVE_STDINT_H 1
| #define HAVE_STRINGS_H 1
| #define HAVE_SYS_STAT_H 1
| #define HAVE_SYS_TYPES_H 1
| #define HAVE_UNISTD_H 1
| #define STDC_HEADERS 1
| #define HAVE_SYS_PARAM_H 1
| #define HAVE_SYSLOG_H 1
| #define HAVE_DECL_BE32DEC 0
| #define HAVE_DECL_LE32DEC 0
| #define HAVE_DECL_BE32ENC 0
| /* end confdefs.h.  */
| #include <stddef.h>
| #ifdef HAVE_STDIO_H
| # include <stdio.h>
| #endif
| #ifdef HAVE_STDLIB_H
| # include <stdlib.h>
| #endif
| #ifdef HAVE_STRING_H
| # include <string.h>
| #endif
| #ifdef HAVE_INTTYPES_H
| # include <inttypes.h>
| #endif
| #ifdef HAVE_STDINT_H
| # include <stdint.h>
| #endif
| #ifdef HAVE_STRINGS_H
| # include <strings.h>
| #endif
| #ifdef HAVE_SYS_TYPES_H
| # include <sys/types.h>
| #endif
| #ifdef HAVE_SYS_STAT_H
| # include <sys/stat.h>
| #endif
| #ifdef HAVE_UNISTD_H
| # include <unistd.h>
| #endif
| #ifdef HAVE_SYS_ENDIAN_H
| #include <sys/endian.h>
| #endif
| 
| 
| int
| main (void)
| {
| #ifndef le32enc
| #ifdef __cplusplus
|   (void) le32enc;
| #else
|   (void) le32enc;
| #endif
| #endif
| 
|   ;
|   return 0;
| }
configure:6302: result: no
configure:6315: checking whether le16dec is declared
configure:6315: gcc -c -Ofast -fuse-linker-plugin -ftree-loop-if-convert-stores -march=native   conftest.c >&5
conftest.c: In function 'main':
conftest.c:67:10: error: 'le16dec' undeclared (first use in this function)
   67 |   (void) le16dec;
      |          ^~~~~~~
conftest.c:67:10: note: each undeclared identifier is reported only once for each function it appears in
configure:6315: $? = 1
configure: failed program was:
| /* confdefs.h */
| #define PACKAGE_NAME "termux-miner"
| #define PACKAGE_TARNAME "termux-miner"
| #define PACKAGE_VERSION "3.0.5"
| #define PACKAGE_STRING "termux-miner 3.0.5"
| #define PACKAGE_BUGREPORT ""
| #define PACKAGE_URL ""
| #define PACKAGE "termux-miner"
| #define VERSION "3.0.5"
| #define HAVE_STDIO_H 1
| #define HAVE_STDLIB_H 1
| #define HAVE_STRING_H 1
| #define HAVE_INTTYPES_H 1
| #define HAVE_STDINT_H 1
| #define HAVE_STRINGS_H 1
| #define HAVE_SYS_STAT_H 1
| #define HAVE_SYS_TYPES_H 1
| #define HAVE_UNISTD_H 1
| #define STDC_HEADERS 1
| #define HAVE_SYS_PARAM_H 1
| #define HAVE_SYSLOG_H 1
| #define HAVE_DECL_BE32DEC 0
| #define HAVE_DECL_LE32DEC 0
| #define HAVE_DECL_BE32ENC 0
| #define HAVE_DECL_LE32ENC 0
| /* end confdefs.h.  */
| #include <stddef.h>
| #ifdef HAVE_STDIO_H
| # include <stdio.h>
| #endif
| #ifdef HAVE_STDLIB_H
| # include <stdlib.h>
| #endif
| #ifdef HAVE_STRING_H
| # include <string.h>
| #endif
| #ifdef HAVE_INTTYPES_H
| # include <inttypes.h>
| #endif
| #ifdef HAVE_STDINT_H
| # include <stdint.h>
| #endif
| #ifdef HAVE_STRINGS_H
| # include <strings.h>
| #endif
| #ifdef HAVE_SYS_TYPES_H
| # include <sys/types.h>
| #endif
| #ifdef HAVE_SYS_STAT_H
| # include <sys/stat.h>
| #endif
| #ifdef HAVE_UNISTD_H
| # include <unistd.h>
| #endif
| #ifdef HAVE_SYS_ENDIAN_H
| #include <sys/endian.h>
| #endif
| 
| 
| int
| main (void)
| {
| #ifndef le16dec
| #ifdef __cplusplus
|   (void) le16dec;
| #else
|   (void) le16dec;
| #endif
| #endif
| 
|   ;
|   return 0;
| }
configure:6315: result: no
configure:6328: checking whether le16enc is declared
configure:6328: gcc -c -Ofast -fuse-linker-plugin -ftree-loop-if-convert-stores -march=native   conftest.c >&5
conftest.c: In function 'main':
conftest.c:68:10: error: 'le16enc' undeclared (first use in this function)
   68 |   (void) le16enc;
      |          ^~~~~~~
conftest.c:68:10: note: each undeclared identifier is reported only once for each function it appears in
configure:6328: $? = 1
configure: failed program was:
| /* confdefs.h */
| #define PACKAGE_NAME "termux-miner"
| #define PACKAGE_TARNAME "termux-miner"
| #define PACKAGE_VERSION "3.0.5"
| #define PACKAGE_STRING "termux-miner 3.0.5"
| #define PACKAGE_BUGREPORT ""
| #define PACKAGE_URL ""
| #define PACKAGE "termux-miner"
| #define VERSION "3.0.5"
| #define HAVE_STDIO_H 1
| #define HAVE_STDLIB_H 1
| #define HAVE_STRING_H 1
| #define HAVE_INTTYPES_H 1
| #define HAVE_STDINT_H 1
| #define HAVE_STRINGS_H 1
| #define HAVE_SYS_STAT_H 1
| #define HAVE_SYS_TYPES_H 1
| #define HAVE_UNISTD_H 1
| #define STDC_HEADERS 1
| #define HAVE_SYS_PARAM_H 1
| #define HAVE_SYSLOG_H 1
| #define HAVE_DECL_BE32DEC 0
| #define HAVE_DECL_LE32DEC 0
| #define HAVE_DECL_BE32ENC 0
| #define HAVE_DECL_LE32ENC 0
| #define HAVE_DECL_LE16DEC 0
| /* end confdefs.h.  */
| #include <stddef.h>
| #ifdef HAVE_STDIO_H
| # include <stdio.h>
| #endif
| #ifdef HAVE_STDLIB_H
| # include <stdlib.h>
| #endif
| #ifdef HAVE_STRING_H
| # include <string.h>
| #endif
| #ifdef HAVE_INTTYPES_H
| # include <inttypes.h>
| #endif
| #ifdef HAVE_STDINT_H
| # include <stdint.h>
| #endif
| #ifdef HAVE_STRINGS_H
| # include <strings.h>
| #endif
| #ifdef HAVE_SYS_TYPES_H
| # include <sys/types.h>
| #endif
| #ifdef HAVE_SYS_STAT_H
| # include <sys/stat.h>
| #endif
| #ifdef HAVE_UNISTD_H
| # include <unistd.h>
| #endif
| #ifdef HAVE_SYS_ENDIAN_H
| #include <sys/endian.h>
| #endif
| 
| 
| int
| main (void)
| {
| #ifndef le16enc
| #ifdef __cplusplus
|   (void) le16enc;
| #else
|   (void) le16enc;
| #endif
| #endif
| 
|   ;
|   return 0;
| }
configure:6328: result: no
configure:6343: checking for size_t
configure:6343: gcc -c -Ofast -fuse-linker-plugin -ftree-loop-if-convert-stores -march=native  conftest.c >&5
configure:6343: $? = 0
configure:6343: gcc -c -Ofast -fuse-linker-plugin -ftree-loop-if-convert-stores -march=native  conftest.c >&5
conftest.c: In function 'main':
conftest.c:60:21: error: expected expression before ')' token
   60 | if (sizeof ((size_t)))
      |                     ^
configure:6343: $? = 1
configure: failed program was:
| /* confdefs.h */
| #define PACKAGE_NAME "termux-miner"
| #define PACKAGE_TARNAME "termux-miner"
| #define PACKAGE_VERSION "3.0.5"
| #define PACKAGE_STRING "termux-miner 3.0.5"
| #define PACKAGE_BUGREPORT ""
| #define PACKAGE_URL ""
| #define PACKAGE "termux-miner"
| #define VERSION "3.0.5"
| #define HAVE_STDIO_H 1
| #define HAVE_STDLIB_H 1
| #define HAVE_STRING_H 1
| #define HAVE_INTTYPES_H 1
| #define HAVE_STDINT_H 1
| #define HAVE_STRINGS_H 1
| #define HAVE_SYS_STAT_H 1
| #define HAVE_SYS_TYPES_H 1
| #define HAVE_UNISTD_H 1
| #define STDC_HEADERS 1
| #define HAVE_SYS_PARAM_H 1
| #define HAVE_SYSLOG_H 1
| #define HAVE_DECL_BE32DEC 0
| #define HAVE_DECL_LE32DEC 0
| #define HAVE_DECL_BE32ENC 0
| #define HAVE_DECL_LE32ENC 0
| #define HAVE_DECL_LE16DEC 0
| #define HAVE_DECL_LE16ENC 0
| /* end confdefs.h.  */
| #include <stddef.h>
| #ifdef HAVE_STDIO_H
| # include <stdio.h>
| #endif
| #ifdef HAVE_STDLIB_H
| # include <stdlib.h>
| #endif
| #ifdef HAVE_STRING_H
| # include <string.h>
| #endif
| #ifdef HAVE_INTTYPES_H
| # include <inttypes.h>
| #endif
| #ifdef HAVE_STDINT_H
| # include <stdint.h>
| #endif
| #ifdef HAVE_STRINGS_H
| # include <strings.h>
| #endif
| #ifdef HAVE_SYS_TYPES_H
| # include <sys/types.h>
| #endif
| #ifdef HAVE_SYS_STAT_H
| # include <sys/stat.h>
| #endif
| #ifdef HAVE_UNISTD_H
| # include <unistd.h>
| #endif
| int
| main (void)
| {
| if (sizeof ((size_t)))
| 	    return 0;
|   ;
|   return 0;
| }
configure:6343: result: yes
configure:6355: checking for working alloca.h
configure:6373: gcc -o conftest -Ofast -fuse-linker-plugin -ftree-loop-if-convert-stores -march=native  -march=native conftest.c  >&5
configure:6373: $? = 0
configure:6382: result: yes
configure:6390: checking for alloca
configure:6435: result: yes
configure:6502: checking for getopt_long
configure:6502: gcc -o conftest -Ofast -fuse-linker-plugin -ftree-loop-if-convert-stores -march=native  -march=native conftest.c  >&5
configure:6502: $? = 0
configure:6502: result: yes
configure:6644: checking for json_loads in -ljansson
configure:6667: gcc -o conftest -Ofast -fuse-linker-plugin -ftree-loop-if-convert-stores -march=native  -march=native conftest.c -ljansson   >&5
configure:6667: $? = 0
configure:6677: result: yes
configure:6731: checking for pthread_create in -lpthread
configure:6754: gcc -o conftest -Ofast -fuse-linker-plugin -ftree-loop-if-convert-stores -march=native  -march=native conftest.c -lpthread   >&5
configure:6754: $? = 0
configure:6764: result: yes
configure:6776: checking whether __uint128_t is supported
configure:6789: gcc -c -Ofast -fuse-linker-plugin -ftree-loop-if-convert-stores -march=native  conftest.c >&5
configure:6789: $? = 0
configure:6794: result: yes
configure:6912: checking for gzopen in -lz
configure:6935: gcc -o conftest -Ofast -fuse-linker-plugin -ftree-loop-if-convert-stores -march=native  -Iyes/include -Iyes/include   -Iyes/include -Iyes/include  -march=native conftest.c -lz   >&5
configure:6935: $? = 0
configure:6945: result: yes
configure:6955: checking for EVP_DigestFinal_ex in -lcrypto
configure:6978: gcc -o conftest -Ofast -fuse-linker-plugin -ftree-loop-if-convert-stores -march=native  -Iyes/include -Iyes/include   -Iyes/include -Iyes/include  -march=native conftest.c -lcrypto  -lz  >&5
configure:6978: $? = 0
configure:6988: result: yes
configure:6997: checking for SSL_free in -lssl
configure:7020: gcc -o conftest -Ofast -fuse-linker-plugin -ftree-loop-if-convert-stores -march=native  -Iyes/include -Iyes/include   -Iyes/include -Iyes/include  -march=native conftest.c -lssl  -lz  >&5
configure:7020: $? = 0
configure:7030: result: yes
configure:7166: checking that generated files are newer than configure
configure:7172: result: done
configure:7239: creating ./config.status

## ---------------------- ##
## Running config.status. ##
## ---------------------- ##

This file was extended by termux-miner config.status 3.0.5, which was
generated by GNU Autoconf 2.71.  Invocation command line was

  CONFIG_FILES    = 
  CONFIG_HEADERS  = 
  CONFIG_LINKS    = 
  CONFIG_COMMANDS = 
  $ ./config.status 

on localhost

config.status:917: creating Makefile
config.status:917: creating compat/Makefile
config.status:917: creating compat/jansson/Makefile
config.status:917: creating cpuminer-config.h
config.status:1146: executing depfiles commands
config.status:1223: cd .       && sed -e '/# am--include-marker/d' Makefile         | make -f - am--depfiles
config.status:1228: $? = 0
config.status:1223: cd compat/jansson       && sed -e '/# am--include-marker/d' Makefile         | make -f - am--depfiles
make: Nothing to be done for 'am--depfiles'.
config.status:1228: $? = 0
configure:8621: === configuring in secp256k1 (/home/userland/termux-miner/secp256k1)
configure:8682: running /bin/bash ./configure --disable-option-checking '--prefix=/usr/local'  '--with-crypto' '--with-curl' '--disable-assembly' 'CC=gcc' 'CXX=g++' 'CFLAGS=-Ofast -fuse-linker-plugin -ftree-loop-if-convert-stores -march=native' 'LDFLAGS=-march=native' '--disable-shared' '--with-pic' '--with-bignum=no' '--enable-module-recovery' '--disable-jni' --cache-file=/dev/null --srcdir=.

## ---------------- ##
## Cache variables. ##
## ---------------- ##

ac_cv_build=aarch64-unknown-linux-gnu
ac_cv_c_compiler_gnu=yes
ac_cv_c_undeclared_builtin_options='none needed'
ac_cv_cxx_compiler_gnu=yes
ac_cv_env_CCASFLAGS_set=
ac_cv_env_CCASFLAGS_value=
ac_cv_env_CCAS_set=
ac_cv_env_CCAS_value=
ac_cv_env_CCC_set=
ac_cv_env_CCC_value=
ac_cv_env_CC_set=set
ac_cv_env_CC_value=gcc
ac_cv_env_CFLAGS_set=set
ac_cv_env_CFLAGS_value='-Ofast -fuse-linker-plugin -ftree-loop-if-convert-stores -march=native'
ac_cv_env_CPPFLAGS_set=
ac_cv_env_CPPFLAGS_value=
ac_cv_env_CPP_set=
ac_cv_env_CPP_value=
ac_cv_env_CXXFLAGS_set=
ac_cv_env_CXXFLAGS_value=
ac_cv_env_CXX_set=set
ac_cv_env_CXX_value=g++
ac_cv_env_LDFLAGS_set=set
ac_cv_env_LDFLAGS_value=-march=native
ac_cv_env_LIBS_set=
ac_cv_env_LIBS_value=
ac_cv_env_build_alias_set=
ac_cv_env_build_alias_value=
ac_cv_env_host_alias_set=
ac_cv_env_host_alias_value=
ac_cv_env_target_alias_set=
ac_cv_env_target_alias_value=
ac_cv_func_alloca_works=yes
ac_cv_func_getopt_long=yes
ac_cv_have_decl_be32dec=no
ac_cv_have_decl_be32enc=no
ac_cv_have_decl_le16dec=no
ac_cv_have_decl_le16enc=no
ac_cv_have_decl_le32dec=no
ac_cv_have_decl_le32enc=no
ac_cv_header_inttypes_h=yes
ac_cv_header_stdint_h=yes
ac_cv_header_stdio_h=yes
ac_cv_header_stdlib_h=yes
ac_cv_header_string_h=yes
ac_cv_header_strings_h=yes
ac_cv_header_sys_endian_h=no
ac_cv_header_sys_param_h=yes
ac_cv_header_sys_stat_h=yes
ac_cv_header_sys_sysctl_h=no
ac_cv_header_sys_types_h=yes
ac_cv_header_syslog_h=yes
ac_cv_header_unistd_h=yes
ac_cv_host=aarch64-unknown-linux-gnu
ac_cv_lib_crypto_EVP_DigestFinal_ex=yes
ac_cv_lib_jansson_json_loads=yes
ac_cv_lib_pthread_pthread_create=yes
ac_cv_lib_ssl_SSL_free=yes
ac_cv_lib_z_gzopen=yes
ac_cv_objext=o
ac_cv_path_EGREP='/usr/bin/grep -E'
ac_cv_path_GREP=/usr/bin/grep
ac_cv_path_install='/usr/bin/install -c'
ac_cv_path_mkdir=/usr/bin/mkdir
ac_cv_prog_AWK=mawk
ac_cv_prog_CPP='gcc -E'
ac_cv_prog_ac_ct_CC=gcc
ac_cv_prog_ac_ct_RANLIB=ranlib
ac_cv_prog_cc_c11=
ac_cv_prog_cc_g=yes
ac_cv_prog_cc_stdc=
ac_cv_prog_cxx_11=no
ac_cv_prog_cxx_cxx11=
ac_cv_prog_cxx_g=yes
ac_cv_prog_cxx_stdcxx=
ac_cv_prog_gcc_traditional=no
ac_cv_prog_make_make_set=yes
ac_cv_target=aarch64-unknown-linux-gnu
ac_cv_type_size_t=yes
ac_cv_working_alloca_h=yes
am_cv_CCAS_dependencies_compiler_type=gcc3
am_cv_CC_dependencies_compiler_type=gcc3
am_cv_CXX_dependencies_compiler_type=gcc3
am_cv_make_support_nested_variables=yes
am_cv_prog_cc_c_o=yes

## ----------------- ##
## Output variables. ##
## ----------------- ##

ACLOCAL='${SHELL} '\''/home/userland/termux-miner/missing'\'' aclocal-1.16'
ALLOCA=''
AMDEPBACKSLASH='\'
AMDEP_FALSE='#'
AMDEP_TRUE=''
AMTAR='$${TAR-tar}'
AM_BACKSLASH='\'
AM_DEFAULT_V='$(AM_DEFAULT_VERBOSITY)'
AM_DEFAULT_VERBOSITY='1'
AM_V='$(V)'
ARCH_ARM64_FALSE='#'
ARCH_ARM64_TRUE=''
ARCH_ARM_FALSE=''
ARCH_ARM_TRUE='#'
ARCH_x86_64_FALSE=''
ARCH_x86_64_TRUE='#'
ARCH_x86_FALSE=''
ARCH_x86_TRUE='#'
AUTOCONF='${SHELL} '\''/home/userland/termux-miner/missing'\'' autoconf'
AUTOHEADER='${SHELL} '\''/home/userland/termux-miner/missing'\'' autoheader'
AUTOMAKE='${SHELL} '\''/home/userland/termux-miner/missing'\'' automake-1.16'
AWK='mawk'
CC='gcc'
CCAS='gcc'
CCASDEPMODE='depmode=gcc3'
CCASFLAGS='-Ofast -fuse-linker-plugin -ftree-loop-if-convert-stores -march=native'
CCDEPMODE='depmode=gcc3'
CFLAGS='-Ofast -fuse-linker-plugin -ftree-loop-if-convert-stores -march=native  -Iyes/include -Iyes/include'
CPP='gcc -E'
CPPFLAGS='  -Iyes/include -Iyes/include'
CSCOPE='cscope'
CTAGS='ctags'
CXX='g++'
CXXDEPMODE='depmode=gcc3'
CXXFLAGS='-g -O2'
CYGPATH_W='echo'
DEFS='-DHAVE_CONFIG_H'
DEPDIR='.deps'
ECHO_C=''
ECHO_N='-n'
ECHO_T=''
EGREP='/usr/bin/grep -E'
ETAGS='etags'
EXEEXT=''
GREP='/usr/bin/grep'
HAVE_WINDOWS_FALSE=''
HAVE_WINDOWS_TRUE='#'
INSTALL_DATA='${INSTALL} -m 644'
INSTALL_PROGRAM='${INSTALL}'
INSTALL_SCRIPT='${INSTALL}'
INSTALL_STRIP_PROGRAM='$(install_sh) -c -s'
JANSSON_LIBS='-ljansson'
LDFLAGS=' -march=native'
LIBCURL='-lcurl -lssl -lcrypto'
LIBCURL_CFLAGS=' -Iyes/include -Iyes/include'
LIBCURL_CPPFLAGS=' -Iyes/include -Iyes/include'
LIBOBJS=''
LIBS='-lz '
LIBTOOL_APP_LDFLAGS=''
LTLIBOBJS=''
MAINT='#'
MAINTAINER_MODE_FALSE=''
MAINTAINER_MODE_TRUE='#'
MAKEINFO='${SHELL} '\''/home/userland/termux-miner/missing'\'' makeinfo'
MINGW_FALSE=''
MINGW_TRUE='#'
MKDIR_P='/usr/bin/mkdir -p'
OBJEXT='o'
PACKAGE='termux-miner'
PACKAGE_BUGREPORT=''
PACKAGE_NAME='termux-miner'
PACKAGE_STRING='termux-miner 3.0.5'
PACKAGE_TARNAME='termux-miner'
PACKAGE_URL=''
PACKAGE_VERSION='3.0.5'
PATH_SEPARATOR=':'
PTHREAD_FLAGS=''
PTHREAD_LIBS='-lpthread'
RANLIB='ranlib'
SET_MAKE=''
SHELL='/bin/bash'
STRIP=''
USE_ASM_FALSE=''
USE_ASM_TRUE='#'
VERSION='3.0.5'
WANT_JANSSON_FALSE=''
WANT_JANSSON_TRUE='#'
WS2_LIBS=''
ac_ct_CC='gcc'
ac_ct_CXX=''
am__EXEEXT_FALSE=''
am__EXEEXT_TRUE='#'
am__fastdepCCAS_FALSE='#'
am__fastdepCCAS_TRUE=''
am__fastdepCC_FALSE='#'
am__fastdepCC_TRUE=''
am__fastdepCXX_FALSE='#'
am__fastdepCXX_TRUE=''
am__include='include'
am__isrc=''
am__leading_dot='.'
am__nodep='_no'
am__quote=''
am__tar='$${TAR-tar} chof - "$$tardir"'
am__untar='$${TAR-tar} xf -'
bindir='${exec_prefix}/bin'
build='aarch64-unknown-linux-gnu'
build_alias=''
build_cpu='aarch64'
build_os='linux-gnu'
build_vendor='unknown'
datadir='${datarootdir}'
datarootdir='${prefix}/share'
docdir='${datarootdir}/doc/${PACKAGE_TARNAME}'
dvidir='${docdir}'
exec_prefix='${prefix}'
host='aarch64-unknown-linux-gnu'
host_alias=''
host_cpu='aarch64'
host_os='linux-gnu'
host_vendor='unknown'
htmldir='${docdir}'
includedir='${prefix}/include'
infodir='${datarootdir}/info'
install_sh='${SHELL} /home/userland/termux-miner/install-sh'
libdir='${exec_prefix}/lib'
libexecdir='${exec_prefix}/libexec'
localedir='${datarootdir}/locale'
localstatedir='${prefix}/var'
mandir='${datarootdir}/man'
mkdir_p='$(MKDIR_P)'
oldincludedir='/usr/include'
pdfdir='${docdir}'
prefix='/usr/local'
program_transform_name='s,x,x,'
psdir='${docdir}'
runstatedir='${localstatedir}/run'
sbindir='${exec_prefix}/sbin'
sharedstatedir='${prefix}/com'
subdirs=' secp256k1'
sysconfdir='${prefix}/etc'
target='aarch64-unknown-linux-gnu'
target_alias=''
target_cpu='aarch64'
target_os='linux-gnu'
target_vendor='unknown'

## ----------- ##
## confdefs.h. ##
## ----------- ##

/* confdefs.h */
#define PACKAGE_NAME "termux-miner"
#define PACKAGE_TARNAME "termux-miner"
#define PACKAGE_VERSION "3.0.5"
#define PACKAGE_STRING "termux-miner 3.0.5"
#define PACKAGE_BUGREPORT ""
#define PACKAGE_URL ""
#define PACKAGE "termux-miner"
#define VERSION "3.0.5"
#define HAVE_STDIO_H 1
#define HAVE_STDLIB_H 1
#define HAVE_STRING_H 1
#define HAVE_INTTYPES_H 1
#define HAVE_STDINT_H 1
#define HAVE_STRINGS_H 1
#define HAVE_SYS_STAT_H 1
#define HAVE_SYS_TYPES_H 1
#define HAVE_UNISTD_H 1
#define STDC_HEADERS 1
#define HAVE_SYS_PARAM_H 1
#define HAVE_SYSLOG_H 1
#define HAVE_DECL_BE32DEC 0
#define HAVE_DECL_LE32DEC 0
#define HAVE_DECL_BE32ENC 0
#define HAVE_DECL_LE32ENC 0
#define HAVE_DECL_LE16DEC 0
#define HAVE_DECL_LE16ENC 0
#define HAVE_ALLOCA_H 1
#define HAVE_ALLOCA 1
#define HAVE_GETOPT_LONG 1
#define USE_INT128 1
#define HAVE_LIBZ 1

configure: exit 0
